2025-07-22 01:10:48,610 P22592 INFO {
    "model_name": "Transformer",
    "hidden_size": 128,
    "num_layers": 2,
    "embedding_dim": 32,
    "nhead": 2,
    "dataset": "bgl",
    "data_dir": "bgl_0.0_tar",
    "window_size": 10,
    "stride": 1,
    "feature_type": "sequentials",
    "use_attention": false,
    "label_type": "next_log",
    "use_tfidf": false,
    "max_token_len": 50,
    "min_token_count": 1,
    "epoches": 100,
    "batch_size": 1024,
    "learning_rate": 0.01,
    "topk": 10,
    "patience": 3,
    "random_seed": 42,
    "gpu": 0,
    "hash_id": "c85b95ab"
}
2025-07-22 01:10:48,612 P22592 INFO Train sessions: 163, ratio of anomalies: 0.00
2025-07-22 01:10:48,613 P22592 INFO Test sessions: 48, ratio of anomalies: 0.15
2025-07-22 01:10:48,613 P22592 INFO Cannot load cached feature extractor.
2025-07-22 01:10:48,613 P22592 INFO 58 tempaltes are found.
2025-07-22 01:10:48,613 P22592 INFO Transforming train data.
2025-07-22 01:10:48,614 P22592 INFO 659 sliding windows generated.
2025-07-22 01:10:48,615 P22592 INFO Finish feature extraction (train).
2025-07-22 01:10:48,615 P22592 INFO Transforming test data.
2025-07-22 01:10:48,616 P22592 INFO 25 new templates show while testing.
2025-07-22 01:10:48,617 P22592 INFO 450 sliding windows generated.
2025-07-22 01:10:48,618 P22592 INFO Finish feature extraction (test).
2025-07-22 01:10:48,624 P22592 INFO Training model on cpu...
2025-07-22 01:10:49,851 P22592 INFO Epoch 1 loss: 0.0000, time: 1.23 seconds
2025-07-22 01:10:49,851 P22592 INFO Evaluating test set...
2025-07-22 01:10:49,864 P22592 INFO Inference time: 0.01 seconds
2025-07-22 01:10:49,867 P22592 INFO Calculating acc sum
2025-07-22 01:10:49,873 P22592 INFO Finish generating store_df
2025-07-22 01:10:49,880 P22592 INFO {'f1': '0.2979', 'rc': '1.0000', 'pc': '0.1750', 'top1-acc': '0.9844'}
2025-07-22 01:10:49,884 P22592 INFO {'f1': '0.3590', 'rc': '1.0000', 'pc': '0.2188', 'top2-acc': '0.9844'}
2025-07-22 01:10:49,888 P22592 INFO {'f1': '0.3590', 'rc': '1.0000', 'pc': '0.2188', 'top3-acc': '0.9844'}
2025-07-22 01:10:49,892 P22592 INFO {'f1': '0.3784', 'rc': '1.0000', 'pc': '0.2333', 'top4-acc': '0.9844'}
2025-07-22 01:10:49,897 P22592 INFO {'f1': '0.3784', 'rc': '1.0000', 'pc': '0.2333', 'top5-acc': '0.9844'}
2025-07-22 01:10:49,901 P22592 INFO {'f1': '0.3784', 'rc': '1.0000', 'pc': '0.2333', 'top6-acc': '0.9844'}
2025-07-22 01:10:49,905 P22592 INFO {'f1': '0.3889', 'rc': '1.0000', 'pc': '0.2414', 'top7-acc': '0.9844'}
2025-07-22 01:10:49,908 P22592 INFO {'f1': '0.3889', 'rc': '1.0000', 'pc': '0.2414', 'top8-acc': '0.9844'}
2025-07-22 01:10:49,913 P22592 INFO {'f1': '0.4000', 'rc': '1.0000', 'pc': '0.2500', 'top9-acc': '0.9844'}
2025-07-22 01:10:49,917 P22592 INFO {'f1': '0.4000', 'rc': '1.0000', 'pc': '0.2500', 'top10-acc': '0.9844'}
2025-07-22 01:10:49,918 P22592 INFO Count time: 0.05 seconds
2025-07-22 01:10:49,918 P22592 INFO Saving model to ./experiment_records\c85b95ab\model.ckpt
2025-07-22 01:10:50,007 P22592 INFO Epoch 2 loss: 0.0000, time: 0.09 seconds
2025-07-22 01:10:50,007 P22592 INFO Evaluating test set...
2025-07-22 01:10:50,019 P22592 INFO Inference time: 0.01 seconds
2025-07-22 01:10:50,022 P22592 INFO Calculating acc sum
2025-07-22 01:10:50,027 P22592 INFO Finish generating store_df
2025-07-22 01:10:50,034 P22592 INFO {'f1': '0.3590', 'rc': '1.0000', 'pc': '0.2188', 'top1-acc': '0.9844'}
2025-07-22 01:10:50,037 P22592 INFO {'f1': '0.3590', 'rc': '1.0000', 'pc': '0.2188', 'top2-acc': '0.9844'}
2025-07-22 01:10:50,041 P22592 INFO {'f1': '0.3590', 'rc': '1.0000', 'pc': '0.2188', 'top3-acc': '0.9844'}
2025-07-22 01:10:50,045 P22592 INFO {'f1': '0.3243', 'rc': '0.8571', 'pc': '0.2000', 'top4-acc': '0.9844'}
2025-07-22 01:10:50,049 P22592 INFO {'f1': '0.3243', 'rc': '0.8571', 'pc': '0.2000', 'top5-acc': '0.9844'}
2025-07-22 01:10:50,053 P22592 INFO {'f1': '0.3333', 'rc': '0.8571', 'pc': '0.2069', 'top6-acc': '0.9844'}
2025-07-22 01:10:50,057 P22592 INFO {'f1': '0.3333', 'rc': '0.8571', 'pc': '0.2069', 'top7-acc': '0.9844'}
2025-07-22 01:10:50,061 P22592 INFO {'f1': '0.3750', 'rc': '0.8571', 'pc': '0.2400', 'top8-acc': '0.9844'}
2025-07-22 01:10:50,066 P22592 INFO {'f1': '0.3750', 'rc': '0.8571', 'pc': '0.2400', 'top9-acc': '0.9844'}
2025-07-22 01:10:50,070 P22592 INFO {'f1': '0.3750', 'rc': '0.8571', 'pc': '0.2400', 'top10-acc': '0.9844'}
2025-07-22 01:10:50,070 P22592 INFO Count time: 0.05 seconds
2025-07-22 01:10:50,153 P22592 INFO Epoch 3 loss: 0.0000, time: 0.08 seconds
2025-07-22 01:10:50,154 P22592 INFO Evaluating test set...
2025-07-22 01:10:50,162 P22592 INFO Inference time: 0.01 seconds
2025-07-22 01:10:50,165 P22592 INFO Calculating acc sum
2025-07-22 01:10:50,170 P22592 INFO Finish generating store_df
2025-07-22 01:10:50,175 P22592 INFO {'f1': '0.3500', 'rc': '1.0000', 'pc': '0.2121', 'top1-acc': '0.9844'}
2025-07-22 01:10:50,179 P22592 INFO {'f1': '0.3500', 'rc': '1.0000', 'pc': '0.2121', 'top2-acc': '0.9844'}
2025-07-22 01:10:50,183 P22592 INFO {'f1': '0.3684', 'rc': '1.0000', 'pc': '0.2258', 'top3-acc': '0.9844'}
2025-07-22 01:10:50,187 P22592 INFO {'f1': '0.3784', 'rc': '1.0000', 'pc': '0.2333', 'top4-acc': '0.9844'}
2025-07-22 01:10:50,190 P22592 INFO {'f1': '0.3784', 'rc': '1.0000', 'pc': '0.2333', 'top5-acc': '0.9844'}
2025-07-22 01:10:50,195 P22592 INFO {'f1': '0.3784', 'rc': '1.0000', 'pc': '0.2333', 'top6-acc': '0.9844'}
2025-07-22 01:10:50,199 P22592 INFO {'f1': '0.4000', 'rc': '1.0000', 'pc': '0.2500', 'top7-acc': '0.9844'}
2025-07-22 01:10:50,203 P22592 INFO {'f1': '0.4242', 'rc': '1.0000', 'pc': '0.2692', 'top8-acc': '0.9844'}
2025-07-22 01:10:50,206 P22592 INFO {'f1': '0.4242', 'rc': '1.0000', 'pc': '0.2692', 'top9-acc': '0.9844'}
2025-07-22 01:10:50,210 P22592 INFO {'f1': '0.4242', 'rc': '1.0000', 'pc': '0.2692', 'top10-acc': '0.9844'}
2025-07-22 01:10:50,210 P22592 INFO Count time: 0.05 seconds
2025-07-22 01:10:50,211 P22592 INFO Saving model to ./experiment_records\c85b95ab\model.ckpt
2025-07-22 01:10:50,320 P22592 INFO Epoch 4 loss: 0.0000, time: 0.10 seconds
2025-07-22 01:10:50,320 P22592 INFO Evaluating test set...
2025-07-22 01:10:50,334 P22592 INFO Inference time: 0.01 seconds
2025-07-22 01:10:50,338 P22592 INFO Calculating acc sum
2025-07-22 01:10:50,345 P22592 INFO Finish generating store_df
2025-07-22 01:10:50,351 P22592 INFO {'f1': '0.3590', 'rc': '1.0000', 'pc': '0.2188', 'top1-acc': '0.9844'}
2025-07-22 01:10:50,355 P22592 INFO {'f1': '0.3158', 'rc': '0.8571', 'pc': '0.1935', 'top2-acc': '0.9844'}
2025-07-22 01:10:50,360 P22592 INFO {'f1': '0.3333', 'rc': '0.8571', 'pc': '0.2069', 'top3-acc': '0.9844'}
2025-07-22 01:10:50,365 P22592 INFO {'f1': '0.3429', 'rc': '0.8571', 'pc': '0.2143', 'top4-acc': '0.9844'}
2025-07-22 01:10:50,372 P22592 INFO {'f1': '0.3529', 'rc': '0.8571', 'pc': '0.2222', 'top5-acc': '0.9844'}
2025-07-22 01:10:50,376 P22592 INFO {'f1': '0.3636', 'rc': '0.8571', 'pc': '0.2308', 'top6-acc': '0.9844'}
2025-07-22 01:10:50,382 P22592 INFO {'f1': '0.4000', 'rc': '0.8571', 'pc': '0.2609', 'top7-acc': '0.9844'}
2025-07-22 01:10:50,386 P22592 INFO {'f1': '0.4000', 'rc': '0.8571', 'pc': '0.2609', 'top8-acc': '0.9844'}
2025-07-22 01:10:50,390 P22592 INFO {'f1': '0.4000', 'rc': '0.8571', 'pc': '0.2609', 'top9-acc': '0.9844'}
2025-07-22 01:10:50,393 P22592 INFO {'f1': '0.4000', 'rc': '0.8571', 'pc': '0.2609', 'top10-acc': '0.9844'}
2025-07-22 01:10:50,394 P22592 INFO Count time: 0.06 seconds
2025-07-22 01:10:50,468 P22592 INFO Epoch 5 loss: 0.0000, time: 0.07 seconds
2025-07-22 01:10:50,469 P22592 INFO Evaluating test set...
2025-07-22 01:10:50,476 P22592 INFO Inference time: 0.01 seconds
2025-07-22 01:10:50,480 P22592 INFO Calculating acc sum
2025-07-22 01:10:50,486 P22592 INFO Finish generating store_df
2025-07-22 01:10:50,491 P22592 INFO {'f1': '0.3500', 'rc': '1.0000', 'pc': '0.2121', 'top1-acc': '0.9844'}
2025-07-22 01:10:50,495 P22592 INFO {'f1': '0.3784', 'rc': '1.0000', 'pc': '0.2333', 'top2-acc': '0.9844'}
2025-07-22 01:10:50,498 P22592 INFO {'f1': '0.3784', 'rc': '1.0000', 'pc': '0.2333', 'top3-acc': '0.9844'}
2025-07-22 01:10:50,502 P22592 INFO {'f1': '0.4118', 'rc': '1.0000', 'pc': '0.2593', 'top4-acc': '0.9844'}
2025-07-22 01:10:50,506 P22592 INFO {'f1': '0.4375', 'rc': '1.0000', 'pc': '0.2800', 'top5-acc': '0.9844'}
2025-07-22 01:10:50,510 P22592 INFO {'f1': '0.4375', 'rc': '1.0000', 'pc': '0.2800', 'top6-acc': '0.9844'}
2025-07-22 01:10:50,515 P22592 INFO {'f1': '0.4516', 'rc': '1.0000', 'pc': '0.2917', 'top7-acc': '0.9844'}
2025-07-22 01:10:50,519 P22592 INFO {'f1': '0.4516', 'rc': '1.0000', 'pc': '0.2917', 'top8-acc': '0.9844'}
2025-07-22 01:10:50,523 P22592 INFO {'f1': '0.4828', 'rc': '1.0000', 'pc': '0.3182', 'top9-acc': '0.9844'}
2025-07-22 01:10:50,527 P22592 INFO {'f1': '0.4828', 'rc': '1.0000', 'pc': '0.3182', 'top10-acc': '0.9844'}
2025-07-22 01:10:50,527 P22592 INFO Count time: 0.05 seconds
2025-07-22 01:10:50,528 P22592 INFO Saving model to ./experiment_records\c85b95ab\model.ckpt
2025-07-22 01:10:50,606 P22592 INFO Epoch 6 loss: 0.0000, time: 0.08 seconds
2025-07-22 01:10:50,606 P22592 INFO Evaluating test set...
2025-07-22 01:10:50,618 P22592 INFO Inference time: 0.01 seconds
2025-07-22 01:10:50,621 P22592 INFO Calculating acc sum
2025-07-22 01:10:50,627 P22592 INFO Finish generating store_df
2025-07-22 01:10:50,632 P22592 INFO {'f1': '0.3590', 'rc': '1.0000', 'pc': '0.2188', 'top1-acc': '0.9844'}
2025-07-22 01:10:50,637 P22592 INFO {'f1': '0.3333', 'rc': '0.8571', 'pc': '0.2069', 'top2-acc': '0.9844'}
2025-07-22 01:10:50,641 P22592 INFO {'f1': '0.3429', 'rc': '0.8571', 'pc': '0.2143', 'top3-acc': '0.9844'}
2025-07-22 01:10:50,645 P22592 INFO {'f1': '0.3636', 'rc': '0.8571', 'pc': '0.2308', 'top4-acc': '0.9844'}
2025-07-22 01:10:50,649 P22592 INFO {'f1': '0.3871', 'rc': '0.8571', 'pc': '0.2500', 'top5-acc': '0.9844'}
2025-07-22 01:10:50,653 P22592 INFO {'f1': '0.3871', 'rc': '0.8571', 'pc': '0.2500', 'top6-acc': '0.9844'}
2025-07-22 01:10:50,657 P22592 INFO {'f1': '0.4138', 'rc': '0.8571', 'pc': '0.2727', 'top7-acc': '0.9844'}
2025-07-22 01:10:50,662 P22592 INFO {'f1': '0.4138', 'rc': '0.8571', 'pc': '0.2727', 'top8-acc': '0.9844'}
2025-07-22 01:10:50,666 P22592 INFO {'f1': '0.4138', 'rc': '0.8571', 'pc': '0.2727', 'top9-acc': '0.9844'}
2025-07-22 01:10:50,670 P22592 INFO {'f1': '0.4138', 'rc': '0.8571', 'pc': '0.2727', 'top10-acc': '0.9844'}
2025-07-22 01:10:50,670 P22592 INFO Count time: 0.05 seconds
2025-07-22 01:10:50,743 P22592 INFO Epoch 7 loss: 0.0000, time: 0.07 seconds
2025-07-22 01:10:50,743 P22592 INFO Evaluating test set...
2025-07-22 01:10:50,750 P22592 INFO Inference time: 0.01 seconds
2025-07-22 01:10:50,752 P22592 INFO Calculating acc sum
2025-07-22 01:10:50,759 P22592 INFO Finish generating store_df
2025-07-22 01:10:50,765 P22592 INFO {'f1': '0.3590', 'rc': '1.0000', 'pc': '0.2188', 'top1-acc': '0.9844'}
2025-07-22 01:10:50,769 P22592 INFO {'f1': '0.3784', 'rc': '1.0000', 'pc': '0.2333', 'top2-acc': '0.9844'}
2025-07-22 01:10:50,772 P22592 INFO {'f1': '0.4242', 'rc': '1.0000', 'pc': '0.2692', 'top3-acc': '0.9844'}
2025-07-22 01:10:50,776 P22592 INFO {'f1': '0.4375', 'rc': '1.0000', 'pc': '0.2800', 'top4-acc': '0.9844'}
2025-07-22 01:10:50,781 P22592 INFO {'f1': '0.4516', 'rc': '1.0000', 'pc': '0.2917', 'top5-acc': '0.9844'}
2025-07-22 01:10:50,785 P22592 INFO {'f1': '0.4667', 'rc': '1.0000', 'pc': '0.3043', 'top6-acc': '0.9844'}
2025-07-22 01:10:50,789 P22592 INFO {'f1': '0.4828', 'rc': '1.0000', 'pc': '0.3182', 'top7-acc': '0.9844'}
2025-07-22 01:10:50,793 P22592 INFO {'f1': '0.5000', 'rc': '1.0000', 'pc': '0.3333', 'top8-acc': '0.9844'}
2025-07-22 01:10:50,798 P22592 INFO {'f1': '0.4444', 'rc': '0.8571', 'pc': '0.3000', 'top9-acc': '0.9844'}
2025-07-22 01:10:50,802 P22592 INFO {'f1': '0.4444', 'rc': '0.8571', 'pc': '0.3000', 'top10-acc': '0.9844'}
2025-07-22 01:10:50,802 P22592 INFO Count time: 0.05 seconds
2025-07-22 01:10:50,802 P22592 INFO Saving model to ./experiment_records\c85b95ab\model.ckpt
2025-07-22 01:10:50,879 P22592 INFO Epoch 8 loss: 0.0000, time: 0.07 seconds
2025-07-22 01:10:50,879 P22592 INFO Evaluating test set...
2025-07-22 01:10:50,887 P22592 INFO Inference time: 0.01 seconds
2025-07-22 01:10:50,889 P22592 INFO Calculating acc sum
2025-07-22 01:10:50,895 P22592 INFO Finish generating store_df
2025-07-22 01:10:50,900 P22592 INFO {'f1': '0.3500', 'rc': '1.0000', 'pc': '0.2121', 'top1-acc': '0.9844'}
2025-07-22 01:10:50,904 P22592 INFO {'f1': '0.3429', 'rc': '0.8571', 'pc': '0.2143', 'top2-acc': '0.9844'}
2025-07-22 01:10:50,908 P22592 INFO {'f1': '0.3636', 'rc': '0.8571', 'pc': '0.2308', 'top3-acc': '0.9844'}
2025-07-22 01:10:50,912 P22592 INFO {'f1': '0.3750', 'rc': '0.8571', 'pc': '0.2400', 'top4-acc': '0.9844'}
2025-07-22 01:10:50,916 P22592 INFO {'f1': '0.4000', 'rc': '0.8571', 'pc': '0.2609', 'top5-acc': '0.9844'}
2025-07-22 01:10:50,919 P22592 INFO {'f1': '0.4138', 'rc': '0.8571', 'pc': '0.2727', 'top6-acc': '0.9844'}
2025-07-22 01:10:50,923 P22592 INFO {'f1': '0.4138', 'rc': '0.8571', 'pc': '0.2727', 'top7-acc': '0.9844'}
2025-07-22 01:10:50,928 P22592 INFO {'f1': '0.4286', 'rc': '0.8571', 'pc': '0.2857', 'top8-acc': '0.9844'}
2025-07-22 01:10:50,933 P22592 INFO {'f1': '0.4286', 'rc': '0.8571', 'pc': '0.2857', 'top9-acc': '0.9844'}
2025-07-22 01:10:50,938 P22592 INFO {'f1': '0.4286', 'rc': '0.8571', 'pc': '0.2857', 'top10-acc': '0.9844'}
2025-07-22 01:10:50,938 P22592 INFO Count time: 0.05 seconds
2025-07-22 01:10:51,018 P22592 INFO Epoch 9 loss: 0.0000, time: 0.08 seconds
2025-07-22 01:10:51,018 P22592 INFO Evaluating test set...
2025-07-22 01:10:51,027 P22592 INFO Inference time: 0.01 seconds
2025-07-22 01:10:51,030 P22592 INFO Calculating acc sum
2025-07-22 01:10:51,035 P22592 INFO Finish generating store_df
2025-07-22 01:10:51,040 P22592 INFO {'f1': '0.3256', 'rc': '1.0000', 'pc': '0.1944', 'top1-acc': '0.9844'}
2025-07-22 01:10:51,044 P22592 INFO {'f1': '0.3333', 'rc': '0.8571', 'pc': '0.2069', 'top2-acc': '0.9844'}
2025-07-22 01:10:51,048 P22592 INFO {'f1': '0.3529', 'rc': '0.8571', 'pc': '0.2222', 'top3-acc': '0.9844'}
2025-07-22 01:10:51,052 P22592 INFO {'f1': '0.3636', 'rc': '0.8571', 'pc': '0.2308', 'top4-acc': '0.9844'}
2025-07-22 01:10:51,056 P22592 INFO {'f1': '0.3871', 'rc': '0.8571', 'pc': '0.2500', 'top5-acc': '0.9844'}
2025-07-22 01:10:51,060 P22592 INFO {'f1': '0.3871', 'rc': '0.8571', 'pc': '0.2500', 'top6-acc': '0.9844'}
2025-07-22 01:10:51,065 P22592 INFO {'f1': '0.3871', 'rc': '0.8571', 'pc': '0.2500', 'top7-acc': '0.9844'}
2025-07-22 01:10:51,069 P22592 INFO {'f1': '0.4138', 'rc': '0.8571', 'pc': '0.2727', 'top8-acc': '0.9844'}
2025-07-22 01:10:51,073 P22592 INFO {'f1': '0.4286', 'rc': '0.8571', 'pc': '0.2857', 'top9-acc': '0.9844'}
2025-07-22 01:10:51,076 P22592 INFO {'f1': '0.4444', 'rc': '0.8571', 'pc': '0.3000', 'top10-acc': '0.9844'}
2025-07-22 01:10:51,076 P22592 INFO Count time: 0.05 seconds
2025-07-22 01:10:51,154 P22592 INFO Epoch 10 loss: 0.0000, time: 0.08 seconds
2025-07-22 01:10:51,154 P22592 INFO Evaluating test set...
2025-07-22 01:10:51,162 P22592 INFO Inference time: 0.01 seconds
2025-07-22 01:10:51,164 P22592 INFO Calculating acc sum
2025-07-22 01:10:51,169 P22592 INFO Finish generating store_df
2025-07-22 01:10:51,173 P22592 INFO {'f1': '0.3590', 'rc': '1.0000', 'pc': '0.2188', 'top1-acc': '0.9844'}
2025-07-22 01:10:51,178 P22592 INFO {'f1': '0.4000', 'rc': '1.0000', 'pc': '0.2500', 'top2-acc': '0.9844'}
2025-07-22 01:10:51,182 P22592 INFO {'f1': '0.4118', 'rc': '1.0000', 'pc': '0.2593', 'top3-acc': '0.9844'}
2025-07-22 01:10:51,186 P22592 INFO {'f1': '0.3636', 'rc': '0.8571', 'pc': '0.2308', 'top4-acc': '0.9844'}
2025-07-22 01:10:51,189 P22592 INFO {'f1': '0.3750', 'rc': '0.8571', 'pc': '0.2400', 'top5-acc': '0.9844'}
2025-07-22 01:10:51,193 P22592 INFO {'f1': '0.4138', 'rc': '0.8571', 'pc': '0.2727', 'top6-acc': '0.9844'}
2025-07-22 01:10:51,198 P22592 INFO {'f1': '0.4286', 'rc': '0.8571', 'pc': '0.2857', 'top7-acc': '0.9844'}
2025-07-22 01:10:51,201 P22592 INFO {'f1': '0.4286', 'rc': '0.8571', 'pc': '0.2857', 'top8-acc': '0.9844'}
2025-07-22 01:10:51,205 P22592 INFO {'f1': '0.4286', 'rc': '0.8571', 'pc': '0.2857', 'top9-acc': '0.9844'}
2025-07-22 01:10:51,209 P22592 INFO {'f1': '0.4286', 'rc': '0.8571', 'pc': '0.2857', 'top10-acc': '0.9844'}
2025-07-22 01:10:51,209 P22592 INFO Count time: 0.05 seconds
2025-07-22 01:10:51,209 P22592 INFO Early stopping at epoch 10.
2025-07-22 01:10:51,210 P22592 INFO Loading model from ./experiment_records\c85b95ab\model.ckpt
2025-07-22 01:18:57,469 P20836 INFO {
    "model_name": "Transformer",
    "hidden_size": 128,
    "num_layers": 2,
    "embedding_dim": 32,
    "nhead": 2,
    "dataset": "bgl",
    "data_dir": "bgl_0.0_tar",
    "window_size": 10,
    "stride": 1,
    "feature_type": "sequentials",
    "use_attention": false,
    "label_type": "next_log",
    "use_tfidf": false,
    "max_token_len": 50,
    "min_token_count": 1,
    "epoches": 100,
    "batch_size": 1024,
    "learning_rate": 0.01,
    "topk": 10,
    "patience": 3,
    "random_seed": 42,
    "gpu": 0,
    "hash_id": "c85b95ab"
}
2025-07-22 01:18:57,471 P20836 INFO Train sessions: 163, ratio of anomalies: 0.00
2025-07-22 01:18:57,471 P20836 INFO Test sessions: 48, ratio of anomalies: 0.15
2025-07-22 01:18:57,471 P20836 INFO Cannot load cached feature extractor.
2025-07-22 01:18:57,472 P20836 INFO 58 tempaltes are found.
2025-07-22 01:18:57,472 P20836 INFO Transforming train data.
2025-07-22 01:18:57,473 P20836 INFO 659 sliding windows generated.
2025-07-22 01:18:57,474 P20836 INFO Finish feature extraction (train).
2025-07-22 01:18:57,474 P20836 INFO Transforming test data.
2025-07-22 01:18:57,474 P20836 INFO 25 new templates show while testing.
2025-07-22 01:18:57,475 P20836 INFO 450 sliding windows generated.
2025-07-22 01:18:57,476 P20836 INFO Finish feature extraction (test).
2025-07-22 01:18:57,483 P20836 INFO Training model on cpu...
2025-07-22 01:18:58,695 P20836 INFO Epoch 1 loss: 0.0000, time: 1.21 seconds
2025-07-22 01:18:58,695 P20836 INFO Evaluating test set...
2025-07-22 01:18:58,707 P20836 INFO Inference time: 0.01 seconds
2025-07-22 01:18:58,710 P20836 INFO Calculating acc sum
2025-07-22 01:18:58,718 P20836 INFO Finish generating store_df
2025-07-22 01:18:58,726 P20836 INFO {'f1': '0.3182', 'rc': '1.0000', 'pc': '0.1892', 'top1-acc': '0.9844'}
2025-07-22 01:18:58,730 P20836 INFO {'f1': '0.3333', 'rc': '1.0000', 'pc': '0.2000', 'top2-acc': '0.9844'}
2025-07-22 01:18:58,734 P20836 INFO {'f1': '0.3415', 'rc': '1.0000', 'pc': '0.2059', 'top3-acc': '0.9844'}
2025-07-22 01:18:58,739 P20836 INFO {'f1': '0.3415', 'rc': '1.0000', 'pc': '0.2059', 'top4-acc': '0.9844'}
2025-07-22 01:18:58,743 P20836 INFO {'f1': '0.3590', 'rc': '1.0000', 'pc': '0.2188', 'top5-acc': '0.9844'}
2025-07-22 01:18:58,747 P20836 INFO {'f1': '0.3684', 'rc': '1.0000', 'pc': '0.2258', 'top6-acc': '0.9844'}
2025-07-22 01:18:58,750 P20836 INFO {'f1': '0.3684', 'rc': '1.0000', 'pc': '0.2258', 'top7-acc': '0.9844'}
2025-07-22 01:18:58,755 P20836 INFO {'f1': '0.3684', 'rc': '1.0000', 'pc': '0.2258', 'top8-acc': '0.9844'}
2025-07-22 01:18:58,759 P20836 INFO {'f1': '0.3684', 'rc': '1.0000', 'pc': '0.2258', 'top9-acc': '0.9844'}
2025-07-22 01:18:58,763 P20836 INFO {'f1': '0.3684', 'rc': '1.0000', 'pc': '0.2258', 'top10-acc': '0.9844'}
2025-07-22 01:18:58,763 P20836 INFO Count time: 0.05 seconds
2025-07-22 01:18:58,763 P20836 INFO Saving model to ./experiment_records\c85b95ab\model.pt
2025-07-22 01:18:58,844 P20836 INFO Epoch 2 loss: 0.0000, time: 0.08 seconds
2025-07-22 01:18:58,844 P20836 INFO Evaluating test set...
2025-07-22 01:18:58,851 P20836 INFO Inference time: 0.01 seconds
2025-07-22 01:18:58,855 P20836 INFO Calculating acc sum
2025-07-22 01:18:58,860 P20836 INFO Finish generating store_df
2025-07-22 01:18:58,866 P20836 INFO {'f1': '0.3415', 'rc': '1.0000', 'pc': '0.2059', 'top1-acc': '0.9844'}
2025-07-22 01:18:58,870 P20836 INFO {'f1': '0.3500', 'rc': '1.0000', 'pc': '0.2121', 'top2-acc': '0.9844'}
2025-07-22 01:18:58,874 P20836 INFO {'f1': '0.3500', 'rc': '1.0000', 'pc': '0.2121', 'top3-acc': '0.9844'}
2025-07-22 01:18:58,878 P20836 INFO {'f1': '0.3500', 'rc': '1.0000', 'pc': '0.2121', 'top4-acc': '0.9844'}
2025-07-22 01:18:58,882 P20836 INFO {'f1': '0.3590', 'rc': '1.0000', 'pc': '0.2188', 'top5-acc': '0.9844'}
2025-07-22 01:18:58,886 P20836 INFO {'f1': '0.3784', 'rc': '1.0000', 'pc': '0.2333', 'top6-acc': '0.9844'}
2025-07-22 01:18:58,891 P20836 INFO {'f1': '0.3784', 'rc': '1.0000', 'pc': '0.2333', 'top7-acc': '0.9844'}
2025-07-22 01:18:58,895 P20836 INFO {'f1': '0.3784', 'rc': '1.0000', 'pc': '0.2333', 'top8-acc': '0.9844'}
2025-07-22 01:18:58,899 P20836 INFO {'f1': '0.3889', 'rc': '1.0000', 'pc': '0.2414', 'top9-acc': '0.9844'}
2025-07-22 01:18:58,905 P20836 INFO {'f1': '0.3889', 'rc': '1.0000', 'pc': '0.2414', 'top10-acc': '0.9844'}
2025-07-22 01:18:58,905 P20836 INFO Count time: 0.05 seconds
2025-07-22 01:18:58,906 P20836 INFO Saving model to ./experiment_records\c85b95ab\model.pt
2025-07-22 01:18:58,989 P20836 INFO Epoch 3 loss: 0.0000, time: 0.08 seconds
2025-07-22 01:18:58,989 P20836 INFO Evaluating test set...
2025-07-22 01:18:58,996 P20836 INFO Inference time: 0.01 seconds
2025-07-22 01:18:58,999 P20836 INFO Calculating acc sum
2025-07-22 01:18:59,005 P20836 INFO Finish generating store_df
2025-07-22 01:18:59,010 P20836 INFO {'f1': '0.2979', 'rc': '1.0000', 'pc': '0.1750', 'top1-acc': '0.9844'}
2025-07-22 01:18:59,014 P20836 INFO {'f1': '0.3500', 'rc': '1.0000', 'pc': '0.2121', 'top2-acc': '0.9844'}
2025-07-22 01:18:59,018 P20836 INFO {'f1': '0.3590', 'rc': '1.0000', 'pc': '0.2188', 'top3-acc': '0.9844'}
2025-07-22 01:18:59,023 P20836 INFO {'f1': '0.3333', 'rc': '0.8571', 'pc': '0.2069', 'top4-acc': '0.9844'}
2025-07-22 01:18:59,027 P20836 INFO {'f1': '0.3429', 'rc': '0.8571', 'pc': '0.2143', 'top5-acc': '0.9844'}
2025-07-22 01:18:59,031 P20836 INFO {'f1': '0.3529', 'rc': '0.8571', 'pc': '0.2222', 'top6-acc': '0.9844'}
2025-07-22 01:18:59,035 P20836 INFO {'f1': '0.3636', 'rc': '0.8571', 'pc': '0.2308', 'top7-acc': '0.9844'}
2025-07-22 01:18:59,040 P20836 INFO {'f1': '0.3636', 'rc': '0.8571', 'pc': '0.2308', 'top8-acc': '0.9844'}
2025-07-22 01:18:59,044 P20836 INFO {'f1': '0.3636', 'rc': '0.8571', 'pc': '0.2308', 'top9-acc': '0.9844'}
2025-07-22 01:18:59,048 P20836 INFO {'f1': '0.3750', 'rc': '0.8571', 'pc': '0.2400', 'top10-acc': '0.9844'}
2025-07-22 01:18:59,048 P20836 INFO Count time: 0.05 seconds
2025-07-22 01:18:59,126 P20836 INFO Epoch 4 loss: 0.0000, time: 0.08 seconds
2025-07-22 01:18:59,126 P20836 INFO Evaluating test set...
2025-07-22 01:18:59,134 P20836 INFO Inference time: 0.01 seconds
2025-07-22 01:18:59,138 P20836 INFO Calculating acc sum
2025-07-22 01:18:59,144 P20836 INFO Finish generating store_df
2025-07-22 01:18:59,149 P20836 INFO {'f1': '0.3500', 'rc': '1.0000', 'pc': '0.2121', 'top1-acc': '0.9844'}
2025-07-22 01:18:59,153 P20836 INFO {'f1': '0.3500', 'rc': '1.0000', 'pc': '0.2121', 'top2-acc': '0.9844'}
2025-07-22 01:18:59,157 P20836 INFO {'f1': '0.3684', 'rc': '1.0000', 'pc': '0.2258', 'top3-acc': '0.9844'}
2025-07-22 01:18:59,161 P20836 INFO {'f1': '0.3889', 'rc': '1.0000', 'pc': '0.2414', 'top4-acc': '0.9844'}
2025-07-22 01:18:59,165 P20836 INFO {'f1': '0.3889', 'rc': '1.0000', 'pc': '0.2414', 'top5-acc': '0.9844'}
2025-07-22 01:18:59,168 P20836 INFO {'f1': '0.4118', 'rc': '1.0000', 'pc': '0.2593', 'top6-acc': '0.9844'}
2025-07-22 01:18:59,174 P20836 INFO {'f1': '0.4118', 'rc': '1.0000', 'pc': '0.2593', 'top7-acc': '0.9844'}
2025-07-22 01:18:59,178 P20836 INFO {'f1': '0.4242', 'rc': '1.0000', 'pc': '0.2692', 'top8-acc': '0.9844'}
2025-07-22 01:18:59,182 P20836 INFO {'f1': '0.4242', 'rc': '1.0000', 'pc': '0.2692', 'top9-acc': '0.9844'}
2025-07-22 01:18:59,187 P20836 INFO {'f1': '0.4242', 'rc': '1.0000', 'pc': '0.2692', 'top10-acc': '0.9844'}
2025-07-22 01:18:59,188 P20836 INFO Count time: 0.05 seconds
2025-07-22 01:18:59,188 P20836 INFO Saving model to ./experiment_records\c85b95ab\model.pt
2025-07-22 01:18:59,262 P20836 INFO Epoch 5 loss: 0.0000, time: 0.07 seconds
2025-07-22 01:18:59,263 P20836 INFO Evaluating test set...
2025-07-22 01:18:59,273 P20836 INFO Inference time: 0.01 seconds
2025-07-22 01:18:59,275 P20836 INFO Calculating acc sum
2025-07-22 01:18:59,280 P20836 INFO Finish generating store_df
2025-07-22 01:18:59,285 P20836 INFO {'f1': '0.3500', 'rc': '1.0000', 'pc': '0.2121', 'top1-acc': '0.9844'}
2025-07-22 01:18:59,290 P20836 INFO {'f1': '0.3500', 'rc': '1.0000', 'pc': '0.2121', 'top2-acc': '0.9844'}
2025-07-22 01:18:59,294 P20836 INFO {'f1': '0.3243', 'rc': '0.8571', 'pc': '0.2000', 'top3-acc': '0.9844'}
2025-07-22 01:18:59,298 P20836 INFO {'f1': '0.3243', 'rc': '0.8571', 'pc': '0.2000', 'top4-acc': '0.9844'}
2025-07-22 01:18:59,302 P20836 INFO {'f1': '0.3529', 'rc': '0.8571', 'pc': '0.2222', 'top5-acc': '0.9844'}
2025-07-22 01:18:59,307 P20836 INFO {'f1': '0.3871', 'rc': '0.8571', 'pc': '0.2500', 'top6-acc': '0.9844'}
2025-07-22 01:18:59,311 P20836 INFO {'f1': '0.4000', 'rc': '0.8571', 'pc': '0.2609', 'top7-acc': '0.9844'}
2025-07-22 01:18:59,314 P20836 INFO {'f1': '0.4138', 'rc': '0.8571', 'pc': '0.2727', 'top8-acc': '0.9844'}
2025-07-22 01:18:59,318 P20836 INFO {'f1': '0.4286', 'rc': '0.8571', 'pc': '0.2857', 'top9-acc': '0.9844'}
2025-07-22 01:18:59,324 P20836 INFO {'f1': '0.4444', 'rc': '0.8571', 'pc': '0.3000', 'top10-acc': '0.9844'}
2025-07-22 01:18:59,324 P20836 INFO Count time: 0.05 seconds
2025-07-22 01:18:59,325 P20836 INFO Saving model to ./experiment_records\c85b95ab\model.pt
2025-07-22 01:18:59,417 P20836 INFO Epoch 6 loss: 0.0000, time: 0.09 seconds
2025-07-22 01:18:59,417 P20836 INFO Evaluating test set...
2025-07-22 01:18:59,428 P20836 INFO Inference time: 0.01 seconds
2025-07-22 01:18:59,430 P20836 INFO Calculating acc sum
2025-07-22 01:18:59,435 P20836 INFO Finish generating store_df
2025-07-22 01:18:59,442 P20836 INFO {'f1': '0.3500', 'rc': '1.0000', 'pc': '0.2121', 'top1-acc': '0.9844'}
2025-07-22 01:18:59,446 P20836 INFO {'f1': '0.3590', 'rc': '1.0000', 'pc': '0.2188', 'top2-acc': '0.9844'}
2025-07-22 01:18:59,450 P20836 INFO {'f1': '0.3684', 'rc': '1.0000', 'pc': '0.2258', 'top3-acc': '0.9844'}
2025-07-22 01:18:59,456 P20836 INFO {'f1': '0.4118', 'rc': '1.0000', 'pc': '0.2593', 'top4-acc': '0.9844'}
2025-07-22 01:18:59,460 P20836 INFO {'f1': '0.4516', 'rc': '1.0000', 'pc': '0.2917', 'top5-acc': '0.9844'}
2025-07-22 01:18:59,464 P20836 INFO {'f1': '0.4516', 'rc': '1.0000', 'pc': '0.2917', 'top6-acc': '0.9844'}
2025-07-22 01:18:59,467 P20836 INFO {'f1': '0.4667', 'rc': '1.0000', 'pc': '0.3043', 'top7-acc': '0.9844'}
2025-07-22 01:18:59,474 P20836 INFO {'f1': '0.4667', 'rc': '1.0000', 'pc': '0.3043', 'top8-acc': '0.9844'}
2025-07-22 01:18:59,478 P20836 INFO {'f1': '0.4667', 'rc': '1.0000', 'pc': '0.3043', 'top9-acc': '0.9844'}
2025-07-22 01:18:59,482 P20836 INFO {'f1': '0.4667', 'rc': '1.0000', 'pc': '0.3043', 'top10-acc': '0.9844'}
2025-07-22 01:18:59,482 P20836 INFO Count time: 0.05 seconds
2025-07-22 01:18:59,483 P20836 INFO Saving model to ./experiment_records\c85b95ab\model.pt
2025-07-22 01:18:59,564 P20836 INFO Epoch 7 loss: 0.0000, time: 0.08 seconds
2025-07-22 01:18:59,564 P20836 INFO Evaluating test set...
2025-07-22 01:18:59,573 P20836 INFO Inference time: 0.01 seconds
2025-07-22 01:18:59,575 P20836 INFO Calculating acc sum
2025-07-22 01:18:59,580 P20836 INFO Finish generating store_df
2025-07-22 01:18:59,585 P20836 INFO {'f1': '0.3415', 'rc': '1.0000', 'pc': '0.2059', 'top1-acc': '0.9844'}
2025-07-22 01:18:59,590 P20836 INFO {'f1': '0.3784', 'rc': '1.0000', 'pc': '0.2333', 'top2-acc': '0.9844'}
2025-07-22 01:18:59,594 P20836 INFO {'f1': '0.3636', 'rc': '0.8571', 'pc': '0.2308', 'top3-acc': '0.9844'}
2025-07-22 01:18:59,598 P20836 INFO {'f1': '0.3750', 'rc': '0.8571', 'pc': '0.2400', 'top4-acc': '0.9844'}
2025-07-22 01:18:59,602 P20836 INFO {'f1': '0.4138', 'rc': '0.8571', 'pc': '0.2727', 'top5-acc': '0.9844'}
2025-07-22 01:18:59,607 P20836 INFO {'f1': '0.4138', 'rc': '0.8571', 'pc': '0.2727', 'top6-acc': '0.9844'}
2025-07-22 01:18:59,611 P20836 INFO {'f1': '0.4138', 'rc': '0.8571', 'pc': '0.2727', 'top7-acc': '0.9844'}
2025-07-22 01:18:59,615 P20836 INFO {'f1': '0.4138', 'rc': '0.8571', 'pc': '0.2727', 'top8-acc': '0.9844'}
2025-07-22 01:18:59,619 P20836 INFO {'f1': '0.4286', 'rc': '0.8571', 'pc': '0.2857', 'top9-acc': '0.9844'}
2025-07-22 01:18:59,624 P20836 INFO {'f1': '0.4286', 'rc': '0.8571', 'pc': '0.2857', 'top10-acc': '0.9844'}
2025-07-22 01:18:59,624 P20836 INFO Count time: 0.05 seconds
2025-07-22 01:18:59,705 P20836 INFO Epoch 8 loss: 0.0000, time: 0.08 seconds
2025-07-22 01:18:59,706 P20836 INFO Evaluating test set...
2025-07-22 01:18:59,716 P20836 INFO Inference time: 0.01 seconds
2025-07-22 01:18:59,718 P20836 INFO Calculating acc sum
2025-07-22 01:18:59,724 P20836 INFO Finish generating store_df
2025-07-22 01:18:59,729 P20836 INFO {'f1': '0.3500', 'rc': '1.0000', 'pc': '0.2121', 'top1-acc': '0.9844'}
2025-07-22 01:18:59,734 P20836 INFO {'f1': '0.3889', 'rc': '1.0000', 'pc': '0.2414', 'top2-acc': '0.9844'}
2025-07-22 01:18:59,738 P20836 INFO {'f1': '0.4118', 'rc': '1.0000', 'pc': '0.2593', 'top3-acc': '0.9844'}
2025-07-22 01:18:59,742 P20836 INFO {'f1': '0.3871', 'rc': '0.8571', 'pc': '0.2500', 'top4-acc': '0.9844'}
2025-07-22 01:18:59,746 P20836 INFO {'f1': '0.4000', 'rc': '0.8571', 'pc': '0.2609', 'top5-acc': '0.9844'}
2025-07-22 01:18:59,749 P20836 INFO {'f1': '0.4138', 'rc': '0.8571', 'pc': '0.2727', 'top6-acc': '0.9844'}
2025-07-22 01:18:59,754 P20836 INFO {'f1': '0.4138', 'rc': '0.8571', 'pc': '0.2727', 'top7-acc': '0.9844'}
2025-07-22 01:18:59,759 P20836 INFO {'f1': '0.4138', 'rc': '0.8571', 'pc': '0.2727', 'top8-acc': '0.9844'}
2025-07-22 01:18:59,763 P20836 INFO {'f1': '0.4138', 'rc': '0.8571', 'pc': '0.2727', 'top9-acc': '0.9844'}
2025-07-22 01:18:59,766 P20836 INFO {'f1': '0.4444', 'rc': '0.8571', 'pc': '0.3000', 'top10-acc': '0.9844'}
2025-07-22 01:18:59,767 P20836 INFO Count time: 0.05 seconds
2025-07-22 01:18:59,841 P20836 INFO Epoch 9 loss: 0.0000, time: 0.07 seconds
2025-07-22 01:18:59,841 P20836 INFO Evaluating test set...
2025-07-22 01:18:59,849 P20836 INFO Inference time: 0.01 seconds
2025-07-22 01:18:59,852 P20836 INFO Calculating acc sum
2025-07-22 01:18:59,857 P20836 INFO Finish generating store_df
2025-07-22 01:18:59,863 P20836 INFO {'f1': '0.3590', 'rc': '1.0000', 'pc': '0.2188', 'top1-acc': '0.9844'}
2025-07-22 01:18:59,866 P20836 INFO {'f1': '0.3243', 'rc': '0.8571', 'pc': '0.2000', 'top2-acc': '0.9844'}
2025-07-22 01:18:59,871 P20836 INFO {'f1': '0.3529', 'rc': '0.8571', 'pc': '0.2222', 'top3-acc': '0.9844'}
2025-07-22 01:18:59,875 P20836 INFO {'f1': '0.3750', 'rc': '0.8571', 'pc': '0.2400', 'top4-acc': '0.9844'}
2025-07-22 01:18:59,879 P20836 INFO {'f1': '0.3871', 'rc': '0.8571', 'pc': '0.2500', 'top5-acc': '0.9844'}
2025-07-22 01:18:59,883 P20836 INFO {'f1': '0.4000', 'rc': '0.8571', 'pc': '0.2609', 'top6-acc': '0.9844'}
2025-07-22 01:18:59,889 P20836 INFO {'f1': '0.4138', 'rc': '0.8571', 'pc': '0.2727', 'top7-acc': '0.9844'}
2025-07-22 01:18:59,893 P20836 INFO {'f1': '0.4138', 'rc': '0.8571', 'pc': '0.2727', 'top8-acc': '0.9844'}
2025-07-22 01:18:59,897 P20836 INFO {'f1': '0.4138', 'rc': '0.8571', 'pc': '0.2727', 'top9-acc': '0.9844'}
2025-07-22 01:18:59,901 P20836 INFO {'f1': '0.4286', 'rc': '0.8571', 'pc': '0.2857', 'top10-acc': '0.9844'}
2025-07-22 01:18:59,901 P20836 INFO Count time: 0.05 seconds
2025-07-22 01:18:59,901 P20836 INFO Early stopping at epoch 9.
2025-07-22 01:18:59,902 P20836 INFO Loading model from ./experiment_records\c85b95ab\model.pt
2025-07-22 01:19:33,597 P18824 INFO {
    "model_name": "Transformer",
    "hidden_size": 128,
    "num_layers": 2,
    "embedding_dim": 32,
    "nhead": 2,
    "dataset": "bgl",
    "data_dir": "bgl_0.0_tar",
    "window_size": 10,
    "stride": 1,
    "feature_type": "sequentials",
    "use_attention": false,
    "label_type": "next_log",
    "use_tfidf": false,
    "max_token_len": 50,
    "min_token_count": 1,
    "epoches": 100,
    "batch_size": 1024,
    "learning_rate": 0.01,
    "topk": 10,
    "patience": 3,
    "random_seed": 42,
    "gpu": 0,
    "hash_id": "c85b95ab"
}
2025-07-22 01:19:33,599 P18824 INFO Train sessions: 163, ratio of anomalies: 0.00
2025-07-22 01:19:33,599 P18824 INFO Test sessions: 48, ratio of anomalies: 0.15
2025-07-22 01:19:33,600 P18824 INFO Cannot load cached feature extractor.
2025-07-22 01:19:33,600 P18824 INFO 58 tempaltes are found.
2025-07-22 01:19:33,600 P18824 INFO Transforming train data.
2025-07-22 01:19:33,601 P18824 INFO 659 sliding windows generated.
2025-07-22 01:19:33,603 P18824 INFO Finish feature extraction (train).
2025-07-22 01:19:33,603 P18824 INFO Transforming test data.
2025-07-22 01:19:33,603 P18824 INFO 25 new templates show while testing.
2025-07-22 01:19:33,604 P18824 INFO 450 sliding windows generated.
2025-07-22 01:19:33,604 P18824 INFO Finish feature extraction (test).
2025-07-22 01:19:33,609 P18824 INFO Training model on cpu...
2025-07-22 01:19:34,747 P18824 INFO Epoch 1 loss: 0.0000, time: 1.14 seconds
2025-07-22 01:19:34,748 P18824 INFO Evaluating test set...
2025-07-22 01:19:34,761 P18824 INFO Inference time: 0.01 seconds
2025-07-22 01:19:34,765 P18824 INFO Calculating acc sum
2025-07-22 01:19:34,775 P18824 INFO Finish generating store_df
2025-07-22 01:19:34,782 P18824 INFO {'f1': '0.3333', 'rc': '1.0000', 'pc': '0.2000', 'top1-acc': '0.9844'}
2025-07-22 01:19:34,788 P18824 INFO {'f1': '0.3415', 'rc': '1.0000', 'pc': '0.2059', 'top2-acc': '0.9844'}
2025-07-22 01:19:34,793 P18824 INFO {'f1': '0.3415', 'rc': '1.0000', 'pc': '0.2059', 'top3-acc': '0.9844'}
2025-07-22 01:19:34,797 P18824 INFO {'f1': '0.3590', 'rc': '1.0000', 'pc': '0.2188', 'top4-acc': '0.9844'}
2025-07-22 01:19:34,806 P18824 INFO {'f1': '0.1290', 'rc': '0.2857', 'pc': '0.0833', 'top5-acc': '0.9844'}
2025-07-22 01:19:34,811 P18824 INFO {'f1': '0.1333', 'rc': '0.2857', 'pc': '0.0870', 'top6-acc': '0.9844'}
2025-07-22 01:19:34,817 P18824 INFO {'f1': '0.1333', 'rc': '0.2857', 'pc': '0.0870', 'top7-acc': '0.9844'}
2025-07-22 01:19:34,822 P18824 INFO {'f1': '0.0714', 'rc': '0.1429', 'pc': '0.0476', 'top8-acc': '0.9844'}
2025-07-22 01:19:34,826 P18824 INFO {'f1': '0.0714', 'rc': '0.1429', 'pc': '0.0476', 'top9-acc': '0.9844'}
2025-07-22 01:19:34,830 P18824 INFO {'f1': '0.0714', 'rc': '0.1429', 'pc': '0.0476', 'top10-acc': '0.9844'}
2025-07-22 01:19:34,830 P18824 INFO Count time: 0.07 seconds
2025-07-22 01:19:34,830 P18824 INFO Saving model to ./experiment_records\c85b95ab\model.pt
2025-07-22 01:19:34,905 P18824 INFO Epoch 2 loss: 0.0000, time: 0.07 seconds
2025-07-22 01:19:34,906 P18824 INFO Evaluating test set...
2025-07-22 01:19:34,914 P18824 INFO Inference time: 0.01 seconds
2025-07-22 01:19:34,916 P18824 INFO Calculating acc sum
2025-07-22 01:19:34,924 P18824 INFO Finish generating store_df
2025-07-22 01:19:34,929 P18824 INFO {'f1': '0.3333', 'rc': '1.0000', 'pc': '0.2000', 'top1-acc': '0.9844'}
2025-07-22 01:19:34,933 P18824 INFO {'f1': '0.3500', 'rc': '1.0000', 'pc': '0.2121', 'top2-acc': '0.9844'}
2025-07-22 01:19:34,938 P18824 INFO {'f1': '0.3590', 'rc': '1.0000', 'pc': '0.2188', 'top3-acc': '0.9844'}
2025-07-22 01:19:34,942 P18824 INFO {'f1': '0.3684', 'rc': '1.0000', 'pc': '0.2258', 'top4-acc': '0.9844'}
2025-07-22 01:19:34,946 P18824 INFO {'f1': '0.3684', 'rc': '1.0000', 'pc': '0.2258', 'top5-acc': '0.9844'}
2025-07-22 01:19:34,949 P18824 INFO {'f1': '0.4118', 'rc': '1.0000', 'pc': '0.2593', 'top6-acc': '0.9844'}
2025-07-22 01:19:34,954 P18824 INFO {'f1': '0.4118', 'rc': '1.0000', 'pc': '0.2593', 'top7-acc': '0.9844'}
2025-07-22 01:19:34,959 P18824 INFO {'f1': '0.4242', 'rc': '1.0000', 'pc': '0.2692', 'top8-acc': '0.9844'}
2025-07-22 01:19:34,963 P18824 INFO {'f1': '0.3750', 'rc': '0.8571', 'pc': '0.2400', 'top9-acc': '0.9844'}
2025-07-22 01:19:34,966 P18824 INFO {'f1': '0.3871', 'rc': '0.8571', 'pc': '0.2500', 'top10-acc': '0.9844'}
2025-07-22 01:19:34,967 P18824 INFO Count time: 0.05 seconds
2025-07-22 01:19:34,967 P18824 INFO Saving model to ./experiment_records\c85b95ab\model.pt
2025-07-22 01:19:35,061 P18824 INFO Epoch 3 loss: 0.0000, time: 0.09 seconds
2025-07-22 01:19:35,061 P18824 INFO Evaluating test set...
2025-07-22 01:19:35,071 P18824 INFO Inference time: 0.01 seconds
2025-07-22 01:19:35,073 P18824 INFO Calculating acc sum
2025-07-22 01:19:35,078 P18824 INFO Finish generating store_df
2025-07-22 01:19:35,084 P18824 INFO {'f1': '0.3500', 'rc': '1.0000', 'pc': '0.2121', 'top1-acc': '0.9844'}
2025-07-22 01:19:35,088 P18824 INFO {'f1': '0.3500', 'rc': '1.0000', 'pc': '0.2121', 'top2-acc': '0.9844'}
2025-07-22 01:19:35,092 P18824 INFO {'f1': '0.3333', 'rc': '0.8571', 'pc': '0.2069', 'top3-acc': '0.9844'}
2025-07-22 01:19:35,096 P18824 INFO {'f1': '0.3750', 'rc': '0.8571', 'pc': '0.2400', 'top4-acc': '0.9844'}
2025-07-22 01:19:35,100 P18824 INFO {'f1': '0.3871', 'rc': '0.8571', 'pc': '0.2500', 'top5-acc': '0.9844'}
2025-07-22 01:19:35,104 P18824 INFO {'f1': '0.0833', 'rc': '0.1429', 'pc': '0.0588', 'top6-acc': '0.9844'}
2025-07-22 01:19:35,108 P18824 INFO {'f1': '0.0833', 'rc': '0.1429', 'pc': '0.0588', 'top7-acc': '0.9844'}
2025-07-22 01:19:35,112 P18824 INFO {'f1': '0.0833', 'rc': '0.1429', 'pc': '0.0588', 'top8-acc': '0.9844'}
2025-07-22 01:19:35,115 P18824 INFO {'f1': '0.0833', 'rc': '0.1429', 'pc': '0.0588', 'top9-acc': '0.9844'}
2025-07-22 01:19:35,119 P18824 INFO {'f1': '0.0870', 'rc': '0.1429', 'pc': '0.0625', 'top10-acc': '0.9844'}
2025-07-22 01:19:35,120 P18824 INFO Count time: 0.05 seconds
2025-07-22 01:19:35,212 P18824 INFO Epoch 4 loss: 0.0000, time: 0.09 seconds
2025-07-22 01:19:35,213 P18824 INFO Evaluating test set...
2025-07-22 01:19:35,222 P18824 INFO Inference time: 0.01 seconds
2025-07-22 01:19:35,224 P18824 INFO Calculating acc sum
2025-07-22 01:19:35,229 P18824 INFO Finish generating store_df
2025-07-22 01:19:35,234 P18824 INFO {'f1': '0.3333', 'rc': '1.0000', 'pc': '0.2000', 'top1-acc': '0.9844'}
2025-07-22 01:19:35,238 P18824 INFO {'f1': '0.3500', 'rc': '1.0000', 'pc': '0.2121', 'top2-acc': '0.9844'}
2025-07-22 01:19:35,242 P18824 INFO {'f1': '0.3590', 'rc': '1.0000', 'pc': '0.2188', 'top3-acc': '0.9844'}
2025-07-22 01:19:35,246 P18824 INFO {'f1': '0.3684', 'rc': '1.0000', 'pc': '0.2258', 'top4-acc': '0.9844'}
2025-07-22 01:19:35,250 P18824 INFO {'f1': '0.3889', 'rc': '1.0000', 'pc': '0.2414', 'top5-acc': '0.9844'}
2025-07-22 01:19:35,255 P18824 INFO {'f1': '0.4000', 'rc': '1.0000', 'pc': '0.2500', 'top6-acc': '0.9844'}
2025-07-22 01:19:35,259 P18824 INFO {'f1': '0.4000', 'rc': '1.0000', 'pc': '0.2500', 'top7-acc': '0.9844'}
2025-07-22 01:19:35,263 P18824 INFO {'f1': '0.4118', 'rc': '1.0000', 'pc': '0.2593', 'top8-acc': '0.9844'}
2025-07-22 01:19:35,266 P18824 INFO {'f1': '0.4516', 'rc': '1.0000', 'pc': '0.2917', 'top9-acc': '0.9844'}
2025-07-22 01:19:35,272 P18824 INFO {'f1': '0.4828', 'rc': '1.0000', 'pc': '0.3182', 'top10-acc': '0.9844'}
2025-07-22 01:19:35,272 P18824 INFO Count time: 0.05 seconds
2025-07-22 01:19:35,273 P18824 INFO Saving model to ./experiment_records\c85b95ab\model.pt
2025-07-22 01:19:35,360 P18824 INFO Epoch 5 loss: 0.0000, time: 0.09 seconds
2025-07-22 01:19:35,360 P18824 INFO Evaluating test set...
2025-07-22 01:19:35,372 P18824 INFO Inference time: 0.01 seconds
2025-07-22 01:19:35,375 P18824 INFO Calculating acc sum
2025-07-22 01:19:35,380 P18824 INFO Finish generating store_df
2025-07-22 01:19:35,386 P18824 INFO {'f1': '0.3500', 'rc': '1.0000', 'pc': '0.2121', 'top1-acc': '0.9844'}
2025-07-22 01:19:35,391 P18824 INFO {'f1': '0.3784', 'rc': '1.0000', 'pc': '0.2333', 'top2-acc': '0.9844'}
2025-07-22 01:19:35,394 P18824 INFO {'f1': '0.3636', 'rc': '0.8571', 'pc': '0.2308', 'top3-acc': '0.9844'}
2025-07-22 01:19:35,398 P18824 INFO {'f1': '0.3871', 'rc': '0.8571', 'pc': '0.2500', 'top4-acc': '0.9844'}
2025-07-22 01:19:35,401 P18824 INFO {'f1': '0.4000', 'rc': '0.8571', 'pc': '0.2609', 'top5-acc': '0.9844'}
2025-07-22 01:19:35,406 P18824 INFO {'f1': '0.4138', 'rc': '0.8571', 'pc': '0.2727', 'top6-acc': '0.9844'}
2025-07-22 01:19:35,410 P18824 INFO {'f1': '0.4286', 'rc': '0.8571', 'pc': '0.2857', 'top7-acc': '0.9844'}
2025-07-22 01:19:35,414 P18824 INFO {'f1': '0.4444', 'rc': '0.8571', 'pc': '0.3000', 'top8-acc': '0.9844'}
2025-07-22 01:19:35,418 P18824 INFO {'f1': '0.4444', 'rc': '0.8571', 'pc': '0.3000', 'top9-acc': '0.9844'}
2025-07-22 01:19:35,422 P18824 INFO {'f1': '0.4615', 'rc': '0.8571', 'pc': '0.3158', 'top10-acc': '0.9844'}
2025-07-22 01:19:35,423 P18824 INFO Count time: 0.05 seconds
2025-07-22 01:19:35,509 P18824 INFO Epoch 6 loss: 0.0000, time: 0.09 seconds
2025-07-22 01:19:35,509 P18824 INFO Evaluating test set...
2025-07-22 01:19:35,517 P18824 INFO Inference time: 0.01 seconds
2025-07-22 01:19:35,521 P18824 INFO Calculating acc sum
2025-07-22 01:19:35,526 P18824 INFO Finish generating store_df
2025-07-22 01:19:35,531 P18824 INFO {'f1': '0.3333', 'rc': '1.0000', 'pc': '0.2000', 'top1-acc': '0.9844'}
2025-07-22 01:19:35,535 P18824 INFO {'f1': '0.3500', 'rc': '1.0000', 'pc': '0.2121', 'top2-acc': '0.9844'}
2025-07-22 01:19:35,539 P18824 INFO {'f1': '0.3684', 'rc': '1.0000', 'pc': '0.2258', 'top3-acc': '0.9844'}
2025-07-22 01:19:35,543 P18824 INFO {'f1': '0.3784', 'rc': '1.0000', 'pc': '0.2333', 'top4-acc': '0.9844'}
2025-07-22 01:19:35,547 P18824 INFO {'f1': '0.4242', 'rc': '1.0000', 'pc': '0.2692', 'top5-acc': '0.9844'}
2025-07-22 01:19:35,551 P18824 INFO {'f1': '0.4138', 'rc': '0.8571', 'pc': '0.2727', 'top6-acc': '0.9844'}
2025-07-22 01:19:35,555 P18824 INFO {'f1': '0.4138', 'rc': '0.8571', 'pc': '0.2727', 'top7-acc': '0.9844'}
2025-07-22 01:19:35,559 P18824 INFO {'f1': '0.4286', 'rc': '0.8571', 'pc': '0.2857', 'top8-acc': '0.9844'}
2025-07-22 01:19:35,563 P18824 INFO {'f1': '0.4286', 'rc': '0.8571', 'pc': '0.2857', 'top9-acc': '0.9844'}
2025-07-22 01:19:35,567 P18824 INFO {'f1': '0.4286', 'rc': '0.8571', 'pc': '0.2857', 'top10-acc': '0.9844'}
2025-07-22 01:19:35,567 P18824 INFO Count time: 0.05 seconds
2025-07-22 01:19:35,658 P18824 INFO Epoch 7 loss: 0.0000, time: 0.09 seconds
2025-07-22 01:19:35,658 P18824 INFO Evaluating test set...
2025-07-22 01:19:35,668 P18824 INFO Inference time: 0.01 seconds
2025-07-22 01:19:35,672 P18824 INFO Calculating acc sum
2025-07-22 01:19:35,677 P18824 INFO Finish generating store_df
2025-07-22 01:19:35,683 P18824 INFO {'f1': '0.3500', 'rc': '1.0000', 'pc': '0.2121', 'top1-acc': '0.9844'}
2025-07-22 01:19:35,688 P18824 INFO {'f1': '0.3243', 'rc': '0.8571', 'pc': '0.2000', 'top2-acc': '0.9844'}
2025-07-22 01:19:35,692 P18824 INFO {'f1': '0.3529', 'rc': '0.8571', 'pc': '0.2222', 'top3-acc': '0.9844'}
2025-07-22 01:19:35,696 P18824 INFO {'f1': '0.4138', 'rc': '0.8571', 'pc': '0.2727', 'top4-acc': '0.9844'}
2025-07-22 01:19:35,700 P18824 INFO {'f1': '0.4286', 'rc': '0.8571', 'pc': '0.2857', 'top5-acc': '0.9844'}
2025-07-22 01:19:35,704 P18824 INFO {'f1': '0.4286', 'rc': '0.8571', 'pc': '0.2857', 'top6-acc': '0.9844'}
2025-07-22 01:19:35,708 P18824 INFO {'f1': '0.4444', 'rc': '0.8571', 'pc': '0.3000', 'top7-acc': '0.9844'}
2025-07-22 01:19:35,712 P18824 INFO {'f1': '0.4615', 'rc': '0.8571', 'pc': '0.3158', 'top8-acc': '0.9844'}
2025-07-22 01:19:35,716 P18824 INFO {'f1': '0.4615', 'rc': '0.8571', 'pc': '0.3158', 'top9-acc': '0.9844'}
2025-07-22 01:19:35,720 P18824 INFO {'f1': '0.4800', 'rc': '0.8571', 'pc': '0.3333', 'top10-acc': '0.9844'}
2025-07-22 01:19:35,721 P18824 INFO Count time: 0.05 seconds
2025-07-22 01:19:35,721 P18824 INFO Early stopping at epoch 7.
2025-07-22 01:19:35,721 P18824 INFO Loading model from ./experiment_records\c85b95ab\model.pt
